{"/Users/onaje/HabitTrackerPro/src/hooks/useAuth.tsx": {"path":"/Users/onaje/HabitTrackerPro/src/hooks/useAuth.tsx","statementMap":{"0":{"start":{"line":6,"column":20},"end":{"line":6,"column":73}},"1":{"start":{"line":20,"column":26},"end":{"line":20,"column":53}},"2":{"start":{"line":21,"column":32},"end":{"line":21,"column":46}},"3":{"start":{"line":22,"column":28},"end":{"line":22,"column":57}},"4":{"start":{"line":25,"column":2},"end":{"line":33,"column":9}},"5":{"start":{"line":26,"column":24},"end":{"line":29,"column":6}},"6":{"start":{"line":27,"column":6},"end":{"line":27,"column":20}},"7":{"start":{"line":28,"column":6},"end":{"line":28,"column":24}},"8":{"start":{"line":32,"column":4},"end":{"line":32,"column":23}},"9":{"start":{"line":38,"column":17},"end":{"line":51,"column":3}},"10":{"start":{"line":39,"column":4},"end":{"line":50,"column":5}},"11":{"start":{"line":40,"column":6},"end":{"line":40,"column":21}},"12":{"start":{"line":41,"column":6},"end":{"line":41,"column":23}},"13":{"start":{"line":42,"column":6},"end":{"line":42,"column":48}},"14":{"start":{"line":44,"column":6},"end":{"line":46,"column":8}},"15":{"start":{"line":47,"column":6},"end":{"line":47,"column":16}},"16":{"start":{"line":49,"column":6},"end":{"line":49,"column":24}},"17":{"start":{"line":56,"column":17},"end":{"line":69,"column":3}},"18":{"start":{"line":57,"column":4},"end":{"line":68,"column":5}},"19":{"start":{"line":58,"column":6},"end":{"line":58,"column":21}},"20":{"start":{"line":59,"column":6},"end":{"line":59,"column":23}},"21":{"start":{"line":60,"column":6},"end":{"line":60,"column":48}},"22":{"start":{"line":62,"column":6},"end":{"line":64,"column":8}},"23":{"start":{"line":65,"column":6},"end":{"line":65,"column":16}},"24":{"start":{"line":67,"column":6},"end":{"line":67,"column":24}},"25":{"start":{"line":74,"column":18},"end":{"line":87,"column":3}},"26":{"start":{"line":75,"column":4},"end":{"line":86,"column":5}},"27":{"start":{"line":76,"column":6},"end":{"line":76,"column":21}},"28":{"start":{"line":77,"column":6},"end":{"line":77,"column":23}},"29":{"start":{"line":78,"column":6},"end":{"line":78,"column":34}},"30":{"start":{"line":80,"column":6},"end":{"line":82,"column":8}},"31":{"start":{"line":83,"column":6},"end":{"line":83,"column":16}},"32":{"start":{"line":85,"column":6},"end":{"line":85,"column":24}},"33":{"start":{"line":92,"column":21},"end":{"line":94,"column":3}},"34":{"start":{"line":93,"column":4},"end":{"line":93,"column":19}},"35":{"start":{"line":96,"column":33},"end":{"line":104,"column":3}},"36":{"start":{"line":106,"column":2},"end":{"line":106,"column":79}},"37":{"start":{"line":112,"column":23},"end":{"line":120,"column":1}},"38":{"start":{"line":113,"column":18},"end":{"line":113,"column":41}},"39":{"start":{"line":115,"column":2},"end":{"line":117,"column":3}},"40":{"start":{"line":116,"column":4},"end":{"line":116,"column":67}},"41":{"start":{"line":119,"column":2},"end":{"line":119,"column":17}}},"fnMap":{"0":{"name":"AuthProvider","decl":{"start":{"line":19,"column":16},"end":{"line":19,"column":28}},"loc":{"start":{"line":19,"column":62},"end":{"line":107,"column":1}},"line":19},"1":{"name":"(anonymous_1)","decl":{"start":{"line":25,"column":12},"end":{"line":25,"column":13}},"loc":{"start":{"line":25,"column":18},"end":{"line":33,"column":3}},"line":25},"2":{"name":"(anonymous_2)","decl":{"start":{"line":26,"column":55},"end":{"line":26,"column":56}},"loc":{"start":{"line":26,"column":65},"end":{"line":29,"column":5}},"line":26},"3":{"name":"(anonymous_3)","decl":{"start":{"line":38,"column":17},"end":{"line":38,"column":18}},"loc":{"start":{"line":38,"column":75},"end":{"line":51,"column":3}},"line":38},"4":{"name":"(anonymous_4)","decl":{"start":{"line":56,"column":17},"end":{"line":56,"column":18}},"loc":{"start":{"line":56,"column":75},"end":{"line":69,"column":3}},"line":56},"5":{"name":"(anonymous_5)","decl":{"start":{"line":74,"column":18},"end":{"line":74,"column":19}},"loc":{"start":{"line":74,"column":45},"end":{"line":87,"column":3}},"line":74},"6":{"name":"(anonymous_6)","decl":{"start":{"line":92,"column":21},"end":{"line":92,"column":22}},"loc":{"start":{"line":92,"column":27},"end":{"line":94,"column":3}},"line":92},"7":{"name":"(anonymous_7)","decl":{"start":{"line":112,"column":23},"end":{"line":112,"column":24}},"loc":{"start":{"line":112,"column":46},"end":{"line":120,"column":1}},"line":112}},"branchMap":{"0":{"loc":{"start":{"line":45,"column":8},"end":{"line":45,"column":75}},"type":"cond-expr","locations":[{"start":{"line":45,"column":31},"end":{"line":45,"column":42}},{"start":{"line":45,"column":45},"end":{"line":45,"column":75}}],"line":45},"1":{"loc":{"start":{"line":63,"column":8},"end":{"line":63,"column":75}},"type":"cond-expr","locations":[{"start":{"line":63,"column":31},"end":{"line":63,"column":42}},{"start":{"line":63,"column":45},"end":{"line":63,"column":75}}],"line":63},"2":{"loc":{"start":{"line":81,"column":8},"end":{"line":81,"column":75}},"type":"cond-expr","locations":[{"start":{"line":81,"column":31},"end":{"line":81,"column":42}},{"start":{"line":81,"column":45},"end":{"line":81,"column":75}}],"line":81},"3":{"loc":{"start":{"line":115,"column":2},"end":{"line":117,"column":3}},"type":"if","locations":[{"start":{"line":115,"column":2},"end":{"line":117,"column":3}},{"start":{},"end":{}}],"line":115}},"s":{"0":1,"1":30,"2":30,"3":30,"4":30,"5":10,"6":10,"7":10,"8":10,"9":30,"10":2,"11":2,"12":2,"13":2,"14":1,"15":1,"16":2,"17":30,"18":5,"19":5,"20":5,"21":5,"22":2,"23":2,"24":5,"25":30,"26":2,"27":2,"28":2,"29":2,"30":1,"31":1,"32":2,"33":30,"34":0,"35":30,"36":30,"37":1,"38":27,"39":27,"40":0,"41":27},"f":{"0":30,"1":10,"2":10,"3":2,"4":5,"5":2,"6":0,"7":27},"b":{"0":[1,0],"1":[2,0],"2":[1,0],"3":[0,27]},"_coverageSchema":"1a1c01bbd47fc00a2c39e90264f33305004495a9","hash":"e3497b5a042eb26ba5e6c785d6ea8ec7be200db2"}
,"/Users/onaje/HabitTrackerPro/src/hooks/useHabits.tsx": {"path":"/Users/onaje/HabitTrackerPro/src/hooks/useHabits.tsx","statementMap":{"0":{"start":{"line":7,"column":22},"end":{"line":7,"column":77}},"1":{"start":{"line":22,"column":19},"end":{"line":22,"column":28}},"2":{"start":{"line":23,"column":30},"end":{"line":23,"column":51}},"3":{"start":{"line":24,"column":32},"end":{"line":24,"column":46}},"4":{"start":{"line":25,"column":28},"end":{"line":25,"column":57}},"5":{"start":{"line":28,"column":2},"end":{"line":49,"column":18}},"6":{"start":{"line":29,"column":4},"end":{"line":33,"column":5}},"7":{"start":{"line":30,"column":6},"end":{"line":30,"column":20}},"8":{"start":{"line":31,"column":6},"end":{"line":31,"column":24}},"9":{"start":{"line":32,"column":6},"end":{"line":32,"column":13}},"10":{"start":{"line":35,"column":4},"end":{"line":35,"column":21}},"11":{"start":{"line":37,"column":24},"end":{"line":43,"column":5}},"12":{"start":{"line":40,"column":8},"end":{"line":40,"column":33}},"13":{"start":{"line":41,"column":8},"end":{"line":41,"column":26}},"14":{"start":{"line":46,"column":4},"end":{"line":48,"column":6}},"15":{"start":{"line":47,"column":6},"end":{"line":47,"column":20}},"16":{"start":{"line":54,"column":24},"end":{"line":68,"column":3}},"17":{"start":{"line":55,"column":4},"end":{"line":55,"column":22}},"18":{"start":{"line":55,"column":15},"end":{"line":55,"column":22}},"19":{"start":{"line":57,"column":4},"end":{"line":67,"column":5}},"20":{"start":{"line":58,"column":6},"end":{"line":58,"column":23}},"21":{"start":{"line":59,"column":26},"end":{"line":59,"column":64}},"22":{"start":{"line":60,"column":6},"end":{"line":60,"column":29}},"23":{"start":{"line":63,"column":8},"end":{"line":63,"column":71}},"24":{"start":{"line":64,"column":6},"end":{"line":64,"column":24}},"25":{"start":{"line":66,"column":6},"end":{"line":66,"column":24}},"26":{"start":{"line":73,"column":22},"end":{"line":92,"column":3}},"27":{"start":{"line":74,"column":4},"end":{"line":76,"column":5}},"28":{"start":{"line":75,"column":6},"end":{"line":75,"column":65}},"29":{"start":{"line":78,"column":4},"end":{"line":91,"column":5}},"30":{"start":{"line":79,"column":6},"end":{"line":79,"column":21}},"31":{"start":{"line":80,"column":20},"end":{"line":80,"column":67}},"32":{"start":{"line":85,"column":6},"end":{"line":85,"column":19}},"33":{"start":{"line":88,"column":8},"end":{"line":88,"column":69}},"34":{"start":{"line":89,"column":6},"end":{"line":89,"column":24}},"35":{"start":{"line":90,"column":6},"end":{"line":90,"column":31}},"36":{"start":{"line":97,"column":22},"end":{"line":128,"column":3}},"37":{"start":{"line":101,"column":4},"end":{"line":103,"column":5}},"38":{"start":{"line":102,"column":6},"end":{"line":102,"column":64}},"39":{"start":{"line":105,"column":4},"end":{"line":127,"column":5}},"40":{"start":{"line":106,"column":6},"end":{"line":106,"column":21}},"41":{"start":{"line":109,"column":6},"end":{"line":115,"column":8}},"42":{"start":{"line":110,"column":8},"end":{"line":114,"column":9}},"43":{"start":{"line":111,"column":10},"end":{"line":113,"column":19}},"44":{"start":{"line":117,"column":6},"end":{"line":117,"column":60}},"45":{"start":{"line":120,"column":8},"end":{"line":120,"column":69}},"46":{"start":{"line":121,"column":6},"end":{"line":121,"column":24}},"47":{"start":{"line":124,"column":6},"end":{"line":124,"column":28}},"48":{"start":{"line":126,"column":6},"end":{"line":126,"column":31}},"49":{"start":{"line":133,"column":22},"end":{"line":155,"column":3}},"50":{"start":{"line":134,"column":4},"end":{"line":136,"column":5}},"51":{"start":{"line":135,"column":6},"end":{"line":135,"column":65}},"52":{"start":{"line":138,"column":4},"end":{"line":154,"column":5}},"53":{"start":{"line":139,"column":6},"end":{"line":139,"column":21}},"54":{"start":{"line":142,"column":6},"end":{"line":142,"column":67}},"55":{"start":{"line":142,"column":26},"end":{"line":142,"column":65}},"56":{"start":{"line":142,"column":49},"end":{"line":142,"column":64}},"57":{"start":{"line":144,"column":6},"end":{"line":144,"column":51}},"58":{"start":{"line":147,"column":8},"end":{"line":147,"column":69}},"59":{"start":{"line":148,"column":6},"end":{"line":148,"column":24}},"60":{"start":{"line":151,"column":6},"end":{"line":151,"column":28}},"61":{"start":{"line":153,"column":6},"end":{"line":153,"column":31}},"62":{"start":{"line":160,"column":27},"end":{"line":196,"column":3}},"63":{"start":{"line":161,"column":4},"end":{"line":163,"column":5}},"64":{"start":{"line":162,"column":6},"end":{"line":162,"column":64}},"65":{"start":{"line":165,"column":4},"end":{"line":195,"column":5}},"66":{"start":{"line":166,"column":6},"end":{"line":166,"column":21}},"67":{"start":{"line":169,"column":6},"end":{"line":180,"column":8}},"68":{"start":{"line":170,"column":8},"end":{"line":179,"column":10}},"69":{"start":{"line":171,"column":10},"end":{"line":171,"column":44}},"70":{"start":{"line":171,"column":31},"end":{"line":171,"column":44}},"71":{"start":{"line":173,"column":30},"end":{"line":173,"column":65}},"72":{"start":{"line":174,"column":36},"end":{"line":176,"column":45}},"73":{"start":{"line":175,"column":49},"end":{"line":175,"column":59}},"74":{"start":{"line":178,"column":10},"end":{"line":178,"column":65}},"75":{"start":{"line":183,"column":6},"end":{"line":183,"column":67}},"76":{"start":{"line":186,"column":8},"end":{"line":188,"column":47}},"77":{"start":{"line":189,"column":6},"end":{"line":189,"column":24}},"78":{"start":{"line":192,"column":6},"end":{"line":192,"column":28}},"79":{"start":{"line":194,"column":6},"end":{"line":194,"column":31}},"80":{"start":{"line":201,"column":21},"end":{"line":203,"column":3}},"81":{"start":{"line":202,"column":4},"end":{"line":202,"column":19}},"82":{"start":{"line":205,"column":35},"end":{"line":215,"column":3}},"83":{"start":{"line":217,"column":2},"end":{"line":219,"column":4}},"84":{"start":{"line":227,"column":18},"end":{"line":227,"column":43}},"85":{"start":{"line":229,"column":2},"end":{"line":231,"column":3}},"86":{"start":{"line":230,"column":4},"end":{"line":230,"column":70}},"87":{"start":{"line":233,"column":2},"end":{"line":233,"column":17}}},"fnMap":{"0":{"name":"HabitsProvider","decl":{"start":{"line":21,"column":16},"end":{"line":21,"column":30}},"loc":{"start":{"line":21,"column":66},"end":{"line":220,"column":1}},"line":21},"1":{"name":"(anonymous_1)","decl":{"start":{"line":28,"column":12},"end":{"line":28,"column":13}},"loc":{"start":{"line":28,"column":18},"end":{"line":49,"column":3}},"line":28},"2":{"name":"(anonymous_2)","decl":{"start":{"line":39,"column":6},"end":{"line":39,"column":7}},"loc":{"start":{"line":39,"column":25},"end":{"line":42,"column":7}},"line":39},"3":{"name":"(anonymous_3)","decl":{"start":{"line":46,"column":11},"end":{"line":46,"column":12}},"loc":{"start":{"line":46,"column":17},"end":{"line":48,"column":5}},"line":46},"4":{"name":"(anonymous_4)","decl":{"start":{"line":54,"column":24},"end":{"line":54,"column":25}},"loc":{"start":{"line":54,"column":51},"end":{"line":68,"column":3}},"line":54},"5":{"name":"(anonymous_5)","decl":{"start":{"line":73,"column":22},"end":{"line":73,"column":23}},"loc":{"start":{"line":73,"column":67},"end":{"line":92,"column":3}},"line":73},"6":{"name":"(anonymous_6)","decl":{"start":{"line":97,"column":22},"end":{"line":97,"column":23}},"loc":{"start":{"line":100,"column":22},"end":{"line":128,"column":3}},"line":100},"7":{"name":"(anonymous_7)","decl":{"start":{"line":109,"column":16},"end":{"line":109,"column":17}},"loc":{"start":{"line":110,"column":8},"end":{"line":114,"column":9}},"line":110},"8":{"name":"(anonymous_8)","decl":{"start":{"line":110,"column":17},"end":{"line":110,"column":18}},"loc":{"start":{"line":111,"column":10},"end":{"line":113,"column":19}},"line":111},"9":{"name":"(anonymous_9)","decl":{"start":{"line":133,"column":22},"end":{"line":133,"column":23}},"loc":{"start":{"line":133,"column":59},"end":{"line":155,"column":3}},"line":133},"10":{"name":"(anonymous_10)","decl":{"start":{"line":142,"column":16},"end":{"line":142,"column":17}},"loc":{"start":{"line":142,"column":26},"end":{"line":142,"column":65}},"line":142},"11":{"name":"(anonymous_11)","decl":{"start":{"line":142,"column":38},"end":{"line":142,"column":39}},"loc":{"start":{"line":142,"column":49},"end":{"line":142,"column":64}},"line":142},"12":{"name":"(anonymous_12)","decl":{"start":{"line":160,"column":27},"end":{"line":160,"column":28}},"loc":{"start":{"line":160,"column":78},"end":{"line":196,"column":3}},"line":160},"13":{"name":"(anonymous_13)","decl":{"start":{"line":169,"column":16},"end":{"line":169,"column":17}},"loc":{"start":{"line":170,"column":8},"end":{"line":179,"column":10}},"line":170},"14":{"name":"(anonymous_14)","decl":{"start":{"line":170,"column":17},"end":{"line":170,"column":18}},"loc":{"start":{"line":170,"column":28},"end":{"line":179,"column":9}},"line":170},"15":{"name":"(anonymous_15)","decl":{"start":{"line":175,"column":42},"end":{"line":175,"column":43}},"loc":{"start":{"line":175,"column":49},"end":{"line":175,"column":59}},"line":175},"16":{"name":"(anonymous_16)","decl":{"start":{"line":201,"column":21},"end":{"line":201,"column":22}},"loc":{"start":{"line":201,"column":27},"end":{"line":203,"column":3}},"line":201},"17":{"name":"useHabits","decl":{"start":{"line":226,"column":16},"end":{"line":226,"column":25}},"loc":{"start":{"line":226,"column":47},"end":{"line":234,"column":1}},"line":226}},"branchMap":{"0":{"loc":{"start":{"line":29,"column":4},"end":{"line":33,"column":5}},"type":"if","locations":[{"start":{"line":29,"column":4},"end":{"line":33,"column":5}},{"start":{},"end":{}}],"line":29},"1":{"loc":{"start":{"line":55,"column":4},"end":{"line":55,"column":22}},"type":"if","locations":[{"start":{"line":55,"column":4},"end":{"line":55,"column":22}},{"start":{},"end":{}}],"line":55},"2":{"loc":{"start":{"line":63,"column":8},"end":{"line":63,"column":71}},"type":"cond-expr","locations":[{"start":{"line":63,"column":31},"end":{"line":63,"column":42}},{"start":{"line":63,"column":45},"end":{"line":63,"column":71}}],"line":63},"3":{"loc":{"start":{"line":74,"column":4},"end":{"line":76,"column":5}},"type":"if","locations":[{"start":{"line":74,"column":4},"end":{"line":76,"column":5}},{"start":{},"end":{}}],"line":74},"4":{"loc":{"start":{"line":88,"column":8},"end":{"line":88,"column":69}},"type":"cond-expr","locations":[{"start":{"line":88,"column":31},"end":{"line":88,"column":42}},{"start":{"line":88,"column":45},"end":{"line":88,"column":69}}],"line":88},"5":{"loc":{"start":{"line":101,"column":4},"end":{"line":103,"column":5}},"type":"if","locations":[{"start":{"line":101,"column":4},"end":{"line":103,"column":5}},{"start":{},"end":{}}],"line":101},"6":{"loc":{"start":{"line":111,"column":10},"end":{"line":113,"column":19}},"type":"cond-expr","locations":[{"start":{"line":112,"column":14},"end":{"line":112,"column":61}},{"start":{"line":113,"column":14},"end":{"line":113,"column":19}}],"line":111},"7":{"loc":{"start":{"line":120,"column":8},"end":{"line":120,"column":69}},"type":"cond-expr","locations":[{"start":{"line":120,"column":31},"end":{"line":120,"column":42}},{"start":{"line":120,"column":45},"end":{"line":120,"column":69}}],"line":120},"8":{"loc":{"start":{"line":134,"column":4},"end":{"line":136,"column":5}},"type":"if","locations":[{"start":{"line":134,"column":4},"end":{"line":136,"column":5}},{"start":{},"end":{}}],"line":134},"9":{"loc":{"start":{"line":147,"column":8},"end":{"line":147,"column":69}},"type":"cond-expr","locations":[{"start":{"line":147,"column":31},"end":{"line":147,"column":42}},{"start":{"line":147,"column":45},"end":{"line":147,"column":69}}],"line":147},"10":{"loc":{"start":{"line":161,"column":4},"end":{"line":163,"column":5}},"type":"if","locations":[{"start":{"line":161,"column":4},"end":{"line":163,"column":5}},{"start":{},"end":{}}],"line":161},"11":{"loc":{"start":{"line":171,"column":10},"end":{"line":171,"column":44}},"type":"if","locations":[{"start":{"line":171,"column":10},"end":{"line":171,"column":44}},{"start":{},"end":{}}],"line":171},"12":{"loc":{"start":{"line":174,"column":36},"end":{"line":176,"column":45}},"type":"cond-expr","locations":[{"start":{"line":175,"column":14},"end":{"line":175,"column":60}},{"start":{"line":176,"column":14},"end":{"line":176,"column":45}}],"line":174},"13":{"loc":{"start":{"line":186,"column":8},"end":{"line":188,"column":47}},"type":"cond-expr","locations":[{"start":{"line":187,"column":12},"end":{"line":187,"column":23}},{"start":{"line":188,"column":12},"end":{"line":188,"column":47}}],"line":186},"14":{"loc":{"start":{"line":229,"column":2},"end":{"line":231,"column":3}},"type":"if","locations":[{"start":{"line":229,"column":2},"end":{"line":231,"column":3}},{"start":{},"end":{}}],"line":229}},"s":{"0":1,"1":28,"2":28,"3":28,"4":28,"5":28,"6":10,"7":0,"8":0,"9":0,"10":10,"11":10,"12":10,"13":10,"14":10,"15":10,"16":28,"17":3,"18":0,"19":3,"20":3,"21":3,"22":3,"23":0,"24":0,"25":3,"26":28,"27":2,"28":0,"29":2,"30":2,"31":2,"32":1,"33":1,"34":1,"35":1,"36":28,"37":2,"38":0,"39":2,"40":2,"41":2,"42":2,"43":2,"44":2,"45":1,"46":1,"47":1,"48":1,"49":28,"50":2,"51":0,"52":2,"53":2,"54":2,"55":2,"56":2,"57":2,"58":1,"59":1,"60":1,"61":1,"62":28,"63":2,"64":0,"65":2,"66":2,"67":2,"68":2,"69":2,"70":0,"71":2,"72":2,"73":0,"74":2,"75":2,"76":1,"77":1,"78":1,"79":1,"80":28,"81":0,"82":28,"83":28,"84":27,"85":27,"86":0,"87":27},"f":{"0":28,"1":10,"2":10,"3":10,"4":3,"5":2,"6":2,"7":2,"8":2,"9":2,"10":2,"11":2,"12":2,"13":2,"14":2,"15":0,"16":0,"17":27},"b":{"0":[0,10],"1":[0,3],"2":[0,0],"3":[0,2],"4":[1,0],"5":[0,2],"6":[2,0],"7":[1,0],"8":[0,2],"9":[1,0],"10":[0,2],"11":[0,2],"12":[0,2],"13":[1,0],"14":[0,27]},"_coverageSchema":"1a1c01bbd47fc00a2c39e90264f33305004495a9","hash":"ae1fec7ac6b5462e83c2a34e4e7b559f91e12d02"}
,"/Users/onaje/HabitTrackerPro/src/services/authService.ts": {"path":"/Users/onaje/HabitTrackerPro/src/services/authService.ts","statementMap":{"0":{"start":{"line":19,"column":24},"end":{"line":27,"column":1}},"1":{"start":{"line":20,"column":2},"end":{"line":26,"column":4}},"2":{"start":{"line":32,"column":24},"end":{"line":88,"column":1}},"3":{"start":{"line":33,"column":16},"end":{"line":33,"column":65}},"4":{"start":{"line":36,"column":26},"end":{"line":45,"column":3}},"5":{"start":{"line":39,"column":4},"end":{"line":44,"column":6}},"6":{"start":{"line":47,"column":2},"end":{"line":49,"column":3}},"7":{"start":{"line":48,"column":4},"end":{"line":48,"column":71}},"8":{"start":{"line":51,"column":2},"end":{"line":85,"column":3}},"9":{"start":{"line":53,"column":6},"end":{"line":53,"column":76}},"10":{"start":{"line":54,"column":6},"end":{"line":54,"column":12}},"11":{"start":{"line":56,"column":6},"end":{"line":56,"column":54}},"12":{"start":{"line":57,"column":6},"end":{"line":57,"column":12}},"13":{"start":{"line":59,"column":6},"end":{"line":60,"column":75}},"14":{"start":{"line":61,"column":6},"end":{"line":61,"column":12}},"15":{"start":{"line":63,"column":6},"end":{"line":63,"column":65}},"16":{"start":{"line":64,"column":6},"end":{"line":64,"column":12}},"17":{"start":{"line":66,"column":6},"end":{"line":66,"column":74}},"18":{"start":{"line":67,"column":6},"end":{"line":67,"column":12}},"19":{"start":{"line":69,"column":6},"end":{"line":69,"column":74}},"20":{"start":{"line":70,"column":6},"end":{"line":70,"column":12}},"21":{"start":{"line":72,"column":6},"end":{"line":72,"column":56}},"22":{"start":{"line":73,"column":6},"end":{"line":73,"column":12}},"23":{"start":{"line":75,"column":6},"end":{"line":75,"column":73}},"24":{"start":{"line":76,"column":6},"end":{"line":76,"column":12}},"25":{"start":{"line":78,"column":6},"end":{"line":78,"column":68}},"26":{"start":{"line":79,"column":6},"end":{"line":79,"column":12}},"27":{"start":{"line":81,"column":6},"end":{"line":81,"column":72}},"28":{"start":{"line":82,"column":6},"end":{"line":82,"column":12}},"29":{"start":{"line":84,"column":6},"end":{"line":84,"column":41}},"30":{"start":{"line":87,"column":2},"end":{"line":87,"column":28}},"31":{"start":{"line":93,"column":22},"end":{"line":107,"column":1}},"32":{"start":{"line":97,"column":2},"end":{"line":106,"column":3}},"33":{"start":{"line":98,"column":27},"end":{"line":102,"column":5}},"34":{"start":{"line":103,"column":4},"end":{"line":103,"column":48}},"35":{"start":{"line":105,"column":4},"end":{"line":105,"column":33}},"36":{"start":{"line":112,"column":22},"end":{"line":126,"column":1}},"37":{"start":{"line":116,"column":2},"end":{"line":125,"column":3}},"38":{"start":{"line":117,"column":27},"end":{"line":121,"column":5}},"39":{"start":{"line":122,"column":4},"end":{"line":122,"column":48}},"40":{"start":{"line":124,"column":4},"end":{"line":124,"column":33}},"41":{"start":{"line":131,"column":23},"end":{"line":137,"column":1}},"42":{"start":{"line":132,"column":2},"end":{"line":136,"column":3}},"43":{"start":{"line":133,"column":4},"end":{"line":133,"column":32}},"44":{"start":{"line":135,"column":4},"end":{"line":135,"column":33}},"45":{"start":{"line":142,"column":30},"end":{"line":145,"column":1}},"46":{"start":{"line":143,"column":23},"end":{"line":143,"column":39}},"47":{"start":{"line":144,"column":2},"end":{"line":144,"column":61}},"48":{"start":{"line":150,"column":34},"end":{"line":157,"column":1}},"49":{"start":{"line":153,"column":2},"end":{"line":156,"column":5}},"50":{"start":{"line":154,"column":17},"end":{"line":154,"column":68}},"51":{"start":{"line":155,"column":4},"end":{"line":155,"column":19}}},"fnMap":{"0":{"name":"(anonymous_0)","decl":{"start":{"line":19,"column":24},"end":{"line":19,"column":25}},"loc":{"start":{"line":19,"column":62},"end":{"line":27,"column":1}},"line":19},"1":{"name":"(anonymous_1)","decl":{"start":{"line":32,"column":24},"end":{"line":32,"column":25}},"loc":{"start":{"line":32,"column":51},"end":{"line":88,"column":1}},"line":32},"2":{"name":"(anonymous_2)","decl":{"start":{"line":36,"column":26},"end":{"line":36,"column":27}},"loc":{"start":{"line":38,"column":50},"end":{"line":45,"column":3}},"line":38},"3":{"name":"(anonymous_3)","decl":{"start":{"line":93,"column":22},"end":{"line":93,"column":23}},"loc":{"start":{"line":96,"column":20},"end":{"line":107,"column":1}},"line":96},"4":{"name":"(anonymous_4)","decl":{"start":{"line":112,"column":22},"end":{"line":112,"column":23}},"loc":{"start":{"line":115,"column":20},"end":{"line":126,"column":1}},"line":115},"5":{"name":"(anonymous_5)","decl":{"start":{"line":131,"column":23},"end":{"line":131,"column":24}},"loc":{"start":{"line":131,"column":50},"end":{"line":137,"column":1}},"line":131},"6":{"name":"(anonymous_6)","decl":{"start":{"line":142,"column":30},"end":{"line":142,"column":31}},"loc":{"start":{"line":142,"column":49},"end":{"line":145,"column":1}},"line":142},"7":{"name":"(anonymous_7)","decl":{"start":{"line":150,"column":34},"end":{"line":150,"column":35}},"loc":{"start":{"line":152,"column":19},"end":{"line":157,"column":1}},"line":152},"8":{"name":"(anonymous_8)","decl":{"start":{"line":153,"column":42},"end":{"line":153,"column":43}},"loc":{"start":{"line":153,"column":60},"end":{"line":156,"column":3}},"line":153}},"branchMap":{"0":{"loc":{"start":{"line":40,"column":6},"end":{"line":43,"column":57}},"type":"binary-expr","locations":[{"start":{"line":40,"column":6},"end":{"line":40,"column":29}},{"start":{"line":41,"column":6},"end":{"line":41,"column":18}},{"start":{"line":42,"column":6},"end":{"line":42,"column":19}},{"start":{"line":43,"column":6},"end":{"line":43,"column":57}}],"line":40},"1":{"loc":{"start":{"line":47,"column":2},"end":{"line":49,"column":3}},"type":"if","locations":[{"start":{"line":47,"column":2},"end":{"line":49,"column":3}},{"start":{},"end":{}}],"line":47},"2":{"loc":{"start":{"line":48,"column":21},"end":{"line":48,"column":69}},"type":"cond-expr","locations":[{"start":{"line":48,"column":46},"end":{"line":48,"column":59}},{"start":{"line":48,"column":62},"end":{"line":48,"column":69}}],"line":48},"3":{"loc":{"start":{"line":51,"column":2},"end":{"line":85,"column":3}},"type":"switch","locations":[{"start":{"line":52,"column":4},"end":{"line":54,"column":12}},{"start":{"line":55,"column":4},"end":{"line":57,"column":12}},{"start":{"line":58,"column":4},"end":{"line":61,"column":12}},{"start":{"line":62,"column":4},"end":{"line":64,"column":12}},{"start":{"line":65,"column":4},"end":{"line":67,"column":12}},{"start":{"line":68,"column":4},"end":{"line":70,"column":12}},{"start":{"line":71,"column":4},"end":{"line":73,"column":12}},{"start":{"line":74,"column":4},"end":{"line":76,"column":12}},{"start":{"line":77,"column":4},"end":{"line":79,"column":12}},{"start":{"line":80,"column":4},"end":{"line":82,"column":12}},{"start":{"line":83,"column":4},"end":{"line":84,"column":41}}],"line":51},"4":{"loc":{"start":{"line":84,"column":16},"end":{"line":84,"column":40}},"type":"binary-expr","locations":[{"start":{"line":84,"column":16},"end":{"line":84,"column":29}},{"start":{"line":84,"column":33},"end":{"line":84,"column":40}}],"line":84},"5":{"loc":{"start":{"line":144,"column":9},"end":{"line":144,"column":60}},"type":"cond-expr","locations":[{"start":{"line":144,"column":24},"end":{"line":144,"column":53}},{"start":{"line":144,"column":56},"end":{"line":144,"column":60}}],"line":144},"6":{"loc":{"start":{"line":154,"column":17},"end":{"line":154,"column":68}},"type":"cond-expr","locations":[{"start":{"line":154,"column":32},"end":{"line":154,"column":61}},{"start":{"line":154,"column":64},"end":{"line":154,"column":68}}],"line":154}},"s":{"0":2,"1":3,"2":2,"3":10,"4":10,"5":10,"6":10,"7":2,"8":8,"9":1,"10":1,"11":1,"12":1,"13":0,"14":0,"15":1,"16":1,"17":0,"18":0,"19":1,"20":1,"21":1,"22":1,"23":1,"24":1,"25":1,"26":1,"27":1,"28":1,"29":0,"30":8,"31":2,"32":5,"33":5,"34":1,"35":4,"36":2,"37":5,"38":5,"39":1,"40":4,"41":2,"42":3,"43":3,"44":2,"45":2,"46":0,"47":0,"48":2,"49":3,"50":2,"51":2},"f":{"0":3,"1":10,"2":10,"3":5,"4":5,"5":3,"6":0,"7":3,"8":2},"b":{"0":[10,10,10,8],"1":[2,8],"2":[2,0],"3":[1,1,0,1,0,1,1,1,1,1,0],"4":[0,0],"5":[0,0],"6":[1,1]},"_coverageSchema":"1a1c01bbd47fc00a2c39e90264f33305004495a9","hash":"fe695a1b8ceed9772071a305fd1a106705c88bb0"}
,"/Users/onaje/HabitTrackerPro/src/services/habitService.ts": {"path":"/Users/onaje/HabitTrackerPro/src/services/habitService.ts","statementMap":{"0":{"start":{"line":29,"column":32},"end":{"line":31,"column":1}},"1":{"start":{"line":30,"column":2},"end":{"line":30,"column":51}},"2":{"start":{"line":39,"column":22},"end":{"line":63,"column":1}},"3":{"start":{"line":42,"column":4},"end":{"line":44,"column":50}},"4":{"start":{"line":47,"column":4},"end":{"line":49,"column":50}},"5":{"start":{"line":51,"column":2},"end":{"line":62,"column":4}},"6":{"start":{"line":71,"column":29},"end":{"line":115,"column":1}},"7":{"start":{"line":76,"column":27},"end":{"line":85,"column":3}},"8":{"start":{"line":79,"column":4},"end":{"line":84,"column":6}},"9":{"start":{"line":88,"column":16},"end":{"line":88,"column":59}},"10":{"start":{"line":91,"column":2},"end":{"line":112,"column":3}},"11":{"start":{"line":92,"column":4},"end":{"line":111,"column":5}},"12":{"start":{"line":94,"column":8},"end":{"line":94,"column":71}},"13":{"start":{"line":95,"column":8},"end":{"line":95,"column":14}},"14":{"start":{"line":97,"column":8},"end":{"line":97,"column":54}},"15":{"start":{"line":98,"column":8},"end":{"line":98,"column":14}},"16":{"start":{"line":100,"column":8},"end":{"line":100,"column":46}},"17":{"start":{"line":101,"column":8},"end":{"line":101,"column":14}},"18":{"start":{"line":103,"column":8},"end":{"line":103,"column":63}},"19":{"start":{"line":104,"column":8},"end":{"line":104,"column":14}},"20":{"start":{"line":106,"column":8},"end":{"line":107,"column":75}},"21":{"start":{"line":108,"column":8},"end":{"line":108,"column":14}},"22":{"start":{"line":110,"column":8},"end":{"line":110,"column":43}},"23":{"start":{"line":114,"column":2},"end":{"line":114,"column":28}},"24":{"start":{"line":123,"column":27},"end":{"line":174,"column":1}},"25":{"start":{"line":127,"column":2},"end":{"line":173,"column":3}},"26":{"start":{"line":128,"column":22},"end":{"line":128,"column":53}},"27":{"start":{"line":135,"column":8},"end":{"line":143,"column":5}},"28":{"start":{"line":146,"column":4},"end":{"line":148,"column":5}},"29":{"start":{"line":147,"column":6},"end":{"line":147,"column":36}},"30":{"start":{"line":149,"column":4},"end":{"line":151,"column":5}},"31":{"start":{"line":150,"column":6},"end":{"line":150,"column":34}},"32":{"start":{"line":153,"column":19},"end":{"line":153,"column":53}},"33":{"start":{"line":156,"column":32},"end":{"line":167,"column":5}},"34":{"start":{"line":168,"column":4},"end":{"line":168,"column":24}},"35":{"start":{"line":171,"column":4},"end":{"line":171,"column":52}},"36":{"start":{"line":172,"column":4},"end":{"line":172,"column":72}},"37":{"start":{"line":181,"column":25},"end":{"line":197,"column":1}},"38":{"start":{"line":182,"column":2},"end":{"line":196,"column":3}},"39":{"start":{"line":183,"column":22},"end":{"line":183,"column":53}},"40":{"start":{"line":185,"column":14},"end":{"line":185,"column":60}},"41":{"start":{"line":187,"column":26},"end":{"line":187,"column":42}},"42":{"start":{"line":190,"column":4},"end":{"line":192,"column":6}},"43":{"start":{"line":191,"column":6},"end":{"line":191,"column":56}},"44":{"start":{"line":194,"column":4},"end":{"line":194,"column":52}},"45":{"start":{"line":195,"column":4},"end":{"line":195,"column":70}},"46":{"start":{"line":206,"column":27},"end":{"line":231,"column":1}},"47":{"start":{"line":211,"column":2},"end":{"line":230,"column":3}},"48":{"start":{"line":212,"column":22},"end":{"line":212,"column":65}},"49":{"start":{"line":214,"column":50},"end":{"line":217,"column":5}},"50":{"start":{"line":220,"column":4},"end":{"line":224,"column":7}},"51":{"start":{"line":221,"column":6},"end":{"line":223,"column":7}},"52":{"start":{"line":222,"column":8},"end":{"line":222,"column":58}},"53":{"start":{"line":226,"column":4},"end":{"line":226,"column":43}},"54":{"start":{"line":228,"column":4},"end":{"line":228,"column":52}},"55":{"start":{"line":229,"column":4},"end":{"line":229,"column":72}},"56":{"start":{"line":239,"column":27},"end":{"line":250,"column":1}},"57":{"start":{"line":243,"column":2},"end":{"line":249,"column":3}},"58":{"start":{"line":244,"column":22},"end":{"line":244,"column":65}},"59":{"start":{"line":245,"column":4},"end":{"line":245,"column":31}},"60":{"start":{"line":247,"column":4},"end":{"line":247,"column":52}},"61":{"start":{"line":248,"column":4},"end":{"line":248,"column":72}},"62":{"start":{"line":259,"column":37},"end":{"line":297,"column":1}},"63":{"start":{"line":264,"column":2},"end":{"line":296,"column":3}},"64":{"start":{"line":265,"column":21},"end":{"line":265,"column":64}},"65":{"start":{"line":268,"column":22},"end":{"line":268,"column":53}},"66":{"start":{"line":269,"column":14},"end":{"line":269,"column":64}},"67":{"start":{"line":270,"column":21},"end":{"line":270,"column":37}},"68":{"start":{"line":272,"column":4},"end":{"line":274,"column":5}},"69":{"start":{"line":273,"column":6},"end":{"line":273,"column":41}},"70":{"start":{"line":276,"column":22},"end":{"line":276,"column":62}},"71":{"start":{"line":277,"column":27},"end":{"line":277,"column":57}},"72":{"start":{"line":280,"column":24},"end":{"line":280,"column":53}},"73":{"start":{"line":282,"column":30},"end":{"line":284,"column":33}},"74":{"start":{"line":283,"column":37},"end":{"line":283,"column":47}},"75":{"start":{"line":286,"column":4},"end":{"line":289,"column":7}},"76":{"start":{"line":291,"column":4},"end":{"line":291,"column":63}},"77":{"start":{"line":292,"column":4},"end":{"line":295,"column":6}},"78":{"start":{"line":305,"column":33},"end":{"line":330,"column":1}},"79":{"start":{"line":309,"column":20},"end":{"line":309,"column":51}},"80":{"start":{"line":310,"column":12},"end":{"line":310,"column":58}},"81":{"start":{"line":312,"column":22},"end":{"line":327,"column":3}},"82":{"start":{"line":315,"column":21},"end":{"line":317,"column":7}},"83":{"start":{"line":316,"column":8},"end":{"line":316,"column":58}},"84":{"start":{"line":318,"column":6},"end":{"line":318,"column":23}},"85":{"start":{"line":321,"column":6},"end":{"line":321,"column":61}},"86":{"start":{"line":322,"column":6},"end":{"line":325,"column":8}},"87":{"start":{"line":329,"column":2},"end":{"line":329,"column":21}}},"fnMap":{"0":{"name":"(anonymous_0)","decl":{"start":{"line":29,"column":32},"end":{"line":29,"column":33}},"loc":{"start":{"line":29,"column":52},"end":{"line":31,"column":1}},"line":29},"1":{"name":"(anonymous_1)","decl":{"start":{"line":39,"column":22},"end":{"line":39,"column":23}},"loc":{"start":{"line":39,"column":66},"end":{"line":63,"column":1}},"line":39},"2":{"name":"(anonymous_2)","decl":{"start":{"line":71,"column":29},"end":{"line":71,"column":30}},"loc":{"start":{"line":74,"column":12},"end":{"line":115,"column":1}},"line":74},"3":{"name":"(anonymous_3)","decl":{"start":{"line":76,"column":27},"end":{"line":76,"column":28}},"loc":{"start":{"line":78,"column":50},"end":{"line":85,"column":3}},"line":78},"4":{"name":"(anonymous_4)","decl":{"start":{"line":123,"column":27},"end":{"line":123,"column":28}},"loc":{"start":{"line":126,"column":21},"end":{"line":174,"column":1}},"line":126},"5":{"name":"(anonymous_5)","decl":{"start":{"line":181,"column":25},"end":{"line":181,"column":26}},"loc":{"start":{"line":181,"column":69},"end":{"line":197,"column":1}},"line":181},"6":{"name":"(anonymous_6)","decl":{"start":{"line":190,"column":34},"end":{"line":190,"column":35}},"loc":{"start":{"line":191,"column":6},"end":{"line":191,"column":56}},"line":191},"7":{"name":"(anonymous_7)","decl":{"start":{"line":206,"column":27},"end":{"line":206,"column":28}},"loc":{"start":{"line":210,"column":20},"end":{"line":231,"column":1}},"line":210},"8":{"name":"(anonymous_8)","decl":{"start":{"line":220,"column":36},"end":{"line":220,"column":37}},"loc":{"start":{"line":220,"column":45},"end":{"line":224,"column":5}},"line":220},"9":{"name":"(anonymous_9)","decl":{"start":{"line":239,"column":27},"end":{"line":239,"column":28}},"loc":{"start":{"line":242,"column":20},"end":{"line":250,"column":1}},"line":242},"10":{"name":"(anonymous_10)","decl":{"start":{"line":259,"column":37},"end":{"line":259,"column":38}},"loc":{"start":{"line":263,"column":20},"end":{"line":297,"column":1}},"line":263},"11":{"name":"(anonymous_11)","decl":{"start":{"line":283,"column":30},"end":{"line":283,"column":31}},"loc":{"start":{"line":283,"column":37},"end":{"line":283,"column":47}},"line":283},"12":{"name":"(anonymous_12)","decl":{"start":{"line":305,"column":33},"end":{"line":305,"column":34}},"loc":{"start":{"line":308,"column":5},"end":{"line":330,"column":1}},"line":308},"13":{"name":"(anonymous_13)","decl":{"start":{"line":314,"column":4},"end":{"line":314,"column":5}},"loc":{"start":{"line":314,"column":18},"end":{"line":319,"column":5}},"line":314},"14":{"name":"(anonymous_14)","decl":{"start":{"line":315,"column":39},"end":{"line":315,"column":40}},"loc":{"start":{"line":316,"column":8},"end":{"line":316,"column":58}},"line":316},"15":{"name":"(anonymous_15)","decl":{"start":{"line":320,"column":4},"end":{"line":320,"column":5}},"loc":{"start":{"line":320,"column":15},"end":{"line":326,"column":5}},"line":320}},"branchMap":{"0":{"loc":{"start":{"line":42,"column":4},"end":{"line":44,"column":50}},"type":"cond-expr","locations":[{"start":{"line":43,"column":8},"end":{"line":43,"column":45}},{"start":{"line":44,"column":8},"end":{"line":44,"column":50}}],"line":42},"1":{"loc":{"start":{"line":44,"column":8},"end":{"line":44,"column":50}},"type":"binary-expr","locations":[{"start":{"line":44,"column":8},"end":{"line":44,"column":22}},{"start":{"line":44,"column":26},"end":{"line":44,"column":50}}],"line":44},"2":{"loc":{"start":{"line":47,"column":4},"end":{"line":49,"column":50}},"type":"cond-expr","locations":[{"start":{"line":48,"column":8},"end":{"line":48,"column":45}},{"start":{"line":49,"column":8},"end":{"line":49,"column":50}}],"line":47},"3":{"loc":{"start":{"line":49,"column":8},"end":{"line":49,"column":50}},"type":"binary-expr","locations":[{"start":{"line":49,"column":8},"end":{"line":49,"column":22}},{"start":{"line":49,"column":26},"end":{"line":49,"column":50}}],"line":49},"4":{"loc":{"start":{"line":55,"column":17},"end":{"line":55,"column":39}},"type":"binary-expr","locations":[{"start":{"line":55,"column":17},"end":{"line":55,"column":33}},{"start":{"line":55,"column":37},"end":{"line":55,"column":39}}],"line":55},"5":{"loc":{"start":{"line":59,"column":20},"end":{"line":59,"column":45}},"type":"binary-expr","locations":[{"start":{"line":59,"column":20},"end":{"line":59,"column":39}},{"start":{"line":59,"column":43},"end":{"line":59,"column":45}}],"line":59},"6":{"loc":{"start":{"line":80,"column":6},"end":{"line":83,"column":57}},"type":"binary-expr","locations":[{"start":{"line":80,"column":6},"end":{"line":80,"column":29}},{"start":{"line":81,"column":6},"end":{"line":81,"column":18}},{"start":{"line":82,"column":6},"end":{"line":82,"column":19}},{"start":{"line":83,"column":6},"end":{"line":83,"column":57}}],"line":80},"7":{"loc":{"start":{"line":91,"column":2},"end":{"line":112,"column":3}},"type":"if","locations":[{"start":{"line":91,"column":2},"end":{"line":112,"column":3}},{"start":{},"end":{}}],"line":91},"8":{"loc":{"start":{"line":92,"column":4},"end":{"line":111,"column":5}},"type":"switch","locations":[{"start":{"line":93,"column":6},"end":{"line":95,"column":14}},{"start":{"line":96,"column":6},"end":{"line":98,"column":14}},{"start":{"line":99,"column":6},"end":{"line":101,"column":14}},{"start":{"line":102,"column":6},"end":{"line":104,"column":14}},{"start":{"line":105,"column":6},"end":{"line":108,"column":14}},{"start":{"line":109,"column":6},"end":{"line":110,"column":43}}],"line":92},"9":{"loc":{"start":{"line":110,"column":18},"end":{"line":110,"column":42}},"type":"binary-expr","locations":[{"start":{"line":110,"column":18},"end":{"line":110,"column":31}},{"start":{"line":110,"column":35},"end":{"line":110,"column":42}}],"line":110},"10":{"loc":{"start":{"line":138,"column":19},"end":{"line":138,"column":50}},"type":"binary-expr","locations":[{"start":{"line":138,"column":19},"end":{"line":138,"column":44}},{"start":{"line":138,"column":48},"end":{"line":138,"column":50}}],"line":138},"11":{"loc":{"start":{"line":146,"column":4},"end":{"line":148,"column":5}},"type":"if","locations":[{"start":{"line":146,"column":4},"end":{"line":148,"column":5}},{"start":{},"end":{}}],"line":146},"12":{"loc":{"start":{"line":149,"column":4},"end":{"line":151,"column":5}},"type":"if","locations":[{"start":{"line":149,"column":4},"end":{"line":151,"column":5}},{"start":{},"end":{}}],"line":149},"13":{"loc":{"start":{"line":160,"column":19},"end":{"line":160,"column":46}},"type":"binary-expr","locations":[{"start":{"line":160,"column":19},"end":{"line":160,"column":40}},{"start":{"line":160,"column":44},"end":{"line":160,"column":46}}],"line":160},"14":{"loc":{"start":{"line":165,"column":10},"end":{"line":165,"column":69}},"type":"binary-expr","locations":[{"start":{"line":165,"column":10},"end":{"line":165,"column":39}},{"start":{"line":165,"column":43},"end":{"line":165,"column":69}}],"line":165},"15":{"loc":{"start":{"line":166,"column":10},"end":{"line":166,"column":66}},"type":"binary-expr","locations":[{"start":{"line":166,"column":10},"end":{"line":166,"column":38}},{"start":{"line":166,"column":42},"end":{"line":166,"column":66}}],"line":166},"16":{"loc":{"start":{"line":221,"column":6},"end":{"line":223,"column":7}},"type":"if","locations":[{"start":{"line":221,"column":6},"end":{"line":223,"column":7}},{"start":{},"end":{}}],"line":221},"17":{"loc":{"start":{"line":272,"column":4},"end":{"line":274,"column":5}},"type":"if","locations":[{"start":{"line":272,"column":4},"end":{"line":274,"column":5}},{"start":{},"end":{}}],"line":272},"18":{"loc":{"start":{"line":277,"column":27},"end":{"line":277,"column":57}},"type":"binary-expr","locations":[{"start":{"line":277,"column":27},"end":{"line":277,"column":51}},{"start":{"line":277,"column":55},"end":{"line":277,"column":57}}],"line":277},"19":{"loc":{"start":{"line":282,"column":30},"end":{"line":284,"column":33}},"type":"cond-expr","locations":[{"start":{"line":283,"column":8},"end":{"line":283,"column":48}},{"start":{"line":284,"column":8},"end":{"line":284,"column":33}}],"line":282}},"s":{"0":2,"1":4,"2":2,"3":0,"4":0,"5":0,"6":2,"7":2,"8":2,"9":2,"10":2,"11":0,"12":0,"13":0,"14":0,"15":0,"16":0,"17":0,"18":0,"19":0,"20":0,"21":0,"22":0,"23":2,"24":2,"25":2,"26":2,"27":2,"28":2,"29":1,"30":2,"31":1,"32":2,"33":1,"34":1,"35":1,"36":1,"37":2,"38":0,"39":0,"40":0,"41":0,"42":0,"43":0,"44":0,"45":0,"46":2,"47":4,"48":4,"49":4,"50":4,"51":17,"52":0,"53":4,"54":1,"55":1,"56":2,"57":1,"58":1,"59":1,"60":0,"61":0,"62":2,"63":2,"64":2,"65":2,"66":2,"67":2,"68":2,"69":0,"70":2,"71":2,"72":2,"73":2,"74":2,"75":2,"76":0,"77":0,"78":2,"79":0,"80":0,"81":0,"82":0,"83":0,"84":0,"85":0,"86":0,"87":0},"f":{"0":4,"1":0,"2":2,"3":2,"4":2,"5":0,"6":0,"7":4,"8":17,"9":1,"10":2,"11":2,"12":0,"13":0,"14":0,"15":0},"b":{"0":[0,0],"1":[0,0],"2":[0,0],"3":[0,0],"4":[0,0],"5":[0,0],"6":[2,2,2,0],"7":[0,2],"8":[0,0,0,0,0,0],"9":[0,0],"10":[2,1],"11":[1,1],"12":[1,1],"13":[1,0],"14":[1,1],"15":[1,1],"16":[0,17],"17":[0,2],"18":[2,0],"19":[1,1]},"_coverageSchema":"1a1c01bbd47fc00a2c39e90264f33305004495a9","hash":"707b385f531afe05b68dc9ed3062818b9d53224d"}
,"/Users/onaje/HabitTrackerPro/src/utils/analytics.ts": {"path":"/Users/onaje/HabitTrackerPro/src/utils/analytics.ts","statementMap":{"0":{"start":{"line":8,"column":26},"end":{"line":25,"column":1}},"1":{"start":{"line":13,"column":2},"end":{"line":15,"column":3}},"2":{"start":{"line":14,"column":4},"end":{"line":14,"column":61}},"3":{"start":{"line":18,"column":2},"end":{"line":24,"column":3}},"4":{"start":{"line":19,"column":4},"end":{"line":21,"column":5}},"5":{"start":{"line":20,"column":6},"end":{"line":20,"column":53}},"6":{"start":{"line":23,"column":4},"end":{"line":23,"column":44}},"7":{"start":{"line":30,"column":31},"end":{"line":32,"column":1}},"8":{"start":{"line":31,"column":2},"end":{"line":31,"column":57}}},"fnMap":{"0":{"name":"(anonymous_0)","decl":{"start":{"line":8,"column":26},"end":{"line":8,"column":27}},"loc":{"start":{"line":11,"column":5},"end":{"line":25,"column":1}},"line":11},"1":{"name":"(anonymous_1)","decl":{"start":{"line":30,"column":31},"end":{"line":30,"column":32}},"loc":{"start":{"line":30,"column":55},"end":{"line":32,"column":1}},"line":30}},"branchMap":{"0":{"loc":{"start":{"line":13,"column":2},"end":{"line":15,"column":3}},"type":"if","locations":[{"start":{"line":13,"column":2},"end":{"line":15,"column":3}},{"start":{},"end":{}}],"line":13},"1":{"loc":{"start":{"line":14,"column":47},"end":{"line":14,"column":59}},"type":"binary-expr","locations":[{"start":{"line":14,"column":47},"end":{"line":14,"column":53}},{"start":{"line":14,"column":57},"end":{"line":14,"column":59}}],"line":14},"2":{"loc":{"start":{"line":19,"column":4},"end":{"line":21,"column":5}},"type":"if","locations":[{"start":{"line":19,"column":4},"end":{"line":21,"column":5}},{"start":{},"end":{}}],"line":19}},"s":{"0":0,"1":0,"2":0,"3":0,"4":0,"5":0,"6":0,"7":0,"8":0},"f":{"0":0,"1":0},"b":{"0":[0,0],"1":[0,0],"2":[0,0]}}
,"/Users/onaje/HabitTrackerPro/src/utils/dateHelpers.ts": {"path":"/Users/onaje/HabitTrackerPro/src/utils/dateHelpers.ts","statementMap":{"0":{"start":{"line":11,"column":30},"end":{"line":13,"column":1}},"1":{"start":{"line":12,"column":2},"end":{"line":12,"column":42}},"2":{"start":{"line":20,"column":34},"end":{"line":22,"column":1}},"3":{"start":{"line":21,"column":2},"end":{"line":21,"column":36}},"4":{"start":{"line":30,"column":31},"end":{"line":38,"column":1}},"5":{"start":{"line":34,"column":15},"end":{"line":34,"column":32}},"6":{"start":{"line":36,"column":4},"end":{"line":36,"column":64}},"7":{"start":{"line":37,"column":2},"end":{"line":37,"column":42}}},"fnMap":{"0":{"name":"(anonymous_0)","decl":{"start":{"line":11,"column":30},"end":{"line":11,"column":31}},"loc":{"start":{"line":11,"column":44},"end":{"line":13,"column":1}},"line":11},"1":{"name":"(anonymous_1)","decl":{"start":{"line":20,"column":34},"end":{"line":20,"column":35}},"loc":{"start":{"line":20,"column":58},"end":{"line":22,"column":1}},"line":20},"2":{"name":"(anonymous_2)","decl":{"start":{"line":30,"column":31},"end":{"line":30,"column":32}},"loc":{"start":{"line":33,"column":13},"end":{"line":38,"column":1}},"line":33}},"branchMap":{"0":{"loc":{"start":{"line":36,"column":4},"end":{"line":36,"column":64}},"type":"cond-expr","locations":[{"start":{"line":36,"column":28},"end":{"line":36,"column":44}},{"start":{"line":36,"column":47},"end":{"line":36,"column":64}}],"line":36}},"s":{"0":2,"1":9,"2":2,"3":20,"4":2,"5":15,"6":15,"7":15},"f":{"0":9,"1":20,"2":15},"b":{"0":[11,4]},"_coverageSchema":"1a1c01bbd47fc00a2c39e90264f33305004495a9","hash":"12c727abffaa4c6826f55f8316f83e09c3f8b069"}
,"/Users/onaje/HabitTrackerPro/src/utils/streakCalculator.ts": {"path":"/Users/onaje/HabitTrackerPro/src/utils/streakCalculator.ts","statementMap":{"0":{"start":{"line":20,"column":31},"end":{"line":50,"column":1}},"1":{"start":{"line":25,"column":2},"end":{"line":25,"column":44}},"2":{"start":{"line":25,"column":35},"end":{"line":25,"column":44}},"3":{"start":{"line":28,"column":22},"end":{"line":28,"column":76}},"4":{"start":{"line":28,"column":57},"end":{"line":28,"column":75}},"5":{"start":{"line":31,"column":15},"end":{"line":31,"column":16}},"6":{"start":{"line":34,"column":18},"end":{"line":34,"column":34}},"7":{"start":{"line":37,"column":2},"end":{"line":48,"column":3}},"8":{"start":{"line":39,"column":4},"end":{"line":46,"column":5}},"9":{"start":{"line":40,"column":6},"end":{"line":40,"column":15}},"10":{"start":{"line":42,"column":6},"end":{"line":42,"column":56}},"11":{"start":{"line":43,"column":11},"end":{"line":46,"column":5}},"12":{"start":{"line":45,"column":6},"end":{"line":45,"column":12}},"13":{"start":{"line":49,"column":2},"end":{"line":49,"column":16}},"14":{"start":{"line":57,"column":32},"end":{"line":59,"column":1}},"15":{"start":{"line":58,"column":2},"end":{"line":58,"column":51}},"16":{"start":{"line":66,"column":35},"end":{"line":68,"column":1}},"17":{"start":{"line":67,"column":2},"end":{"line":67,"column":31}},"18":{"start":{"line":77,"column":33},"end":{"line":93,"column":1}},"19":{"start":{"line":82,"column":24},"end":{"line":82,"column":67}},"20":{"start":{"line":85,"column":28},"end":{"line":87,"column":3}},"21":{"start":{"line":86,"column":17},"end":{"line":86,"column":41}},"22":{"start":{"line":89,"column":23},"end":{"line":89,"column":53}},"23":{"start":{"line":90,"column":25},"end":{"line":90,"column":72}},"24":{"start":{"line":92,"column":2},"end":{"line":92,"column":51}},"25":{"start":{"line":101,"column":28},"end":{"line":113,"column":1}},"26":{"start":{"line":106,"column":2},"end":{"line":106,"column":43}},"27":{"start":{"line":106,"column":20},"end":{"line":106,"column":43}},"28":{"start":{"line":109,"column":15},"end":{"line":109,"column":53}},"29":{"start":{"line":112,"column":2},"end":{"line":112,"column":55}}},"fnMap":{"0":{"name":"(anonymous_0)","decl":{"start":{"line":20,"column":31},"end":{"line":20,"column":32}},"loc":{"start":{"line":23,"column":13},"end":{"line":50,"column":1}},"line":23},"1":{"name":"(anonymous_1)","decl":{"start":{"line":28,"column":47},"end":{"line":28,"column":48}},"loc":{"start":{"line":28,"column":57},"end":{"line":28,"column":75}},"line":28},"2":{"name":"(anonymous_2)","decl":{"start":{"line":57,"column":32},"end":{"line":57,"column":33}},"loc":{"start":{"line":57,"column":71},"end":{"line":59,"column":1}},"line":57},"3":{"name":"(anonymous_3)","decl":{"start":{"line":66,"column":35},"end":{"line":66,"column":36}},"loc":{"start":{"line":66,"column":73},"end":{"line":68,"column":1}},"line":66},"4":{"name":"(anonymous_4)","decl":{"start":{"line":77,"column":33},"end":{"line":77,"column":34}},"loc":{"start":{"line":80,"column":13},"end":{"line":93,"column":1}},"line":80},"5":{"name":"(anonymous_5)","decl":{"start":{"line":86,"column":4},"end":{"line":86,"column":5}},"loc":{"start":{"line":86,"column":17},"end":{"line":86,"column":41}},"line":86},"6":{"name":"(anonymous_6)","decl":{"start":{"line":101,"column":28},"end":{"line":101,"column":29}},"loc":{"start":{"line":104,"column":13},"end":{"line":113,"column":1}},"line":104}},"branchMap":{"0":{"loc":{"start":{"line":25,"column":2},"end":{"line":25,"column":44}},"type":"if","locations":[{"start":{"line":25,"column":2},"end":{"line":25,"column":44}},{"start":{},"end":{}}],"line":25},"1":{"loc":{"start":{"line":39,"column":4},"end":{"line":46,"column":5}},"type":"if","locations":[{"start":{"line":39,"column":4},"end":{"line":46,"column":5}},{"start":{"line":43,"column":11},"end":{"line":46,"column":5}}],"line":39},"2":{"loc":{"start":{"line":43,"column":11},"end":{"line":46,"column":5}},"type":"if","locations":[{"start":{"line":43,"column":11},"end":{"line":46,"column":5}},{"start":{},"end":{}}],"line":43},"3":{"loc":{"start":{"line":89,"column":23},"end":{"line":89,"column":53}},"type":"cond-expr","locations":[{"start":{"line":89,"column":47},"end":{"line":89,"column":49}},{"start":{"line":89,"column":52},"end":{"line":89,"column":53}}],"line":89},"4":{"loc":{"start":{"line":106,"column":2},"end":{"line":106,"column":43}},"type":"if","locations":[{"start":{"line":106,"column":2},"end":{"line":106,"column":43}},{"start":{},"end":{}}],"line":106},"5":{"loc":{"start":{"line":109,"column":15},"end":{"line":109,"column":53}},"type":"cond-expr","locations":[{"start":{"line":109,"column":39},"end":{"line":109,"column":44}},{"start":{"line":109,"column":47},"end":{"line":109,"column":53}}],"line":109},"6":{"loc":{"start":{"line":112,"column":29},"end":{"line":112,"column":52}},"type":"cond-expr","locations":[{"start":{"line":112,"column":44},"end":{"line":112,"column":46}},{"start":{"line":112,"column":49},"end":{"line":112,"column":52}}],"line":112}},"s":{"0":1,"1":6,"2":1,"3":5,"4":13,"5":5,"6":5,"7":5,"8":13,"9":11,"10":11,"11":2,"12":2,"13":5,"14":1,"15":3,"16":1,"17":2,"18":1,"19":2,"20":2,"21":43,"22":2,"23":2,"24":2,"25":1,"26":5,"27":1,"28":4,"29":4},"f":{"0":6,"1":13,"2":3,"3":2,"4":2,"5":43,"6":5},"b":{"0":[1,5],"1":[11,2],"2":[2,0],"3":[2,0],"4":[1,4],"5":[2,2],"6":[2,2]},"_coverageSchema":"1a1c01bbd47fc00a2c39e90264f33305004495a9","hash":"5e73a8603e266e927dfd56d939e65c60ca81e05d"}
}
