TN:
SF:src/hooks/useAuth.tsx
FN:19,AuthProvider
FN:25,(anonymous_1)
FN:26,(anonymous_2)
FN:38,(anonymous_3)
FN:56,(anonymous_4)
FN:74,(anonymous_5)
FN:92,(anonymous_6)
FN:112,(anonymous_7)
FNF:8
FNH:7
FNDA:30,AuthProvider
FNDA:10,(anonymous_1)
FNDA:10,(anonymous_2)
FNDA:2,(anonymous_3)
FNDA:5,(anonymous_4)
FNDA:2,(anonymous_5)
FNDA:0,(anonymous_6)
FNDA:27,(anonymous_7)
DA:6,1
DA:20,30
DA:21,30
DA:22,30
DA:25,30
DA:26,10
DA:27,10
DA:28,10
DA:32,10
DA:38,30
DA:39,2
DA:40,2
DA:41,2
DA:42,2
DA:44,1
DA:47,1
DA:49,2
DA:56,30
DA:57,5
DA:58,5
DA:59,5
DA:60,5
DA:62,2
DA:65,2
DA:67,5
DA:74,30
DA:75,2
DA:76,2
DA:77,2
DA:78,2
DA:80,1
DA:83,1
DA:85,2
DA:92,30
DA:93,0
DA:96,30
DA:106,30
DA:112,1
DA:113,27
DA:115,27
DA:116,0
DA:119,27
LF:42
LH:40
BRDA:45,0,0,1
BRDA:45,0,1,0
BRDA:63,1,0,2
BRDA:63,1,1,0
BRDA:81,2,0,1
BRDA:81,2,1,0
BRDA:115,3,0,0
BRDA:115,3,1,27
BRF:8
BRH:4
end_of_record
TN:
SF:src/hooks/useHabits.tsx
FN:21,HabitsProvider
FN:28,(anonymous_1)
FN:39,(anonymous_2)
FN:46,(anonymous_3)
FN:54,(anonymous_4)
FN:73,(anonymous_5)
FN:97,(anonymous_6)
FN:109,(anonymous_7)
FN:110,(anonymous_8)
FN:133,(anonymous_9)
FN:142,(anonymous_10)
FN:142,(anonymous_11)
FN:160,(anonymous_12)
FN:169,(anonymous_13)
FN:170,(anonymous_14)
FN:175,(anonymous_15)
FN:201,(anonymous_16)
FN:226,useHabits
FNF:18
FNH:16
FNDA:28,HabitsProvider
FNDA:10,(anonymous_1)
FNDA:10,(anonymous_2)
FNDA:10,(anonymous_3)
FNDA:3,(anonymous_4)
FNDA:2,(anonymous_5)
FNDA:2,(anonymous_6)
FNDA:2,(anonymous_7)
FNDA:2,(anonymous_8)
FNDA:2,(anonymous_9)
FNDA:2,(anonymous_10)
FNDA:2,(anonymous_11)
FNDA:2,(anonymous_12)
FNDA:2,(anonymous_13)
FNDA:2,(anonymous_14)
FNDA:0,(anonymous_15)
FNDA:0,(anonymous_16)
FNDA:27,useHabits
DA:7,1
DA:22,28
DA:23,28
DA:24,28
DA:25,28
DA:28,28
DA:29,10
DA:30,0
DA:31,0
DA:32,0
DA:35,10
DA:37,10
DA:40,10
DA:41,10
DA:46,10
DA:47,10
DA:54,28
DA:55,3
DA:57,3
DA:58,3
DA:59,3
DA:60,3
DA:63,0
DA:64,0
DA:66,3
DA:73,28
DA:74,2
DA:75,0
DA:78,2
DA:79,2
DA:80,2
DA:85,1
DA:88,1
DA:89,1
DA:90,1
DA:97,28
DA:101,2
DA:102,0
DA:105,2
DA:106,2
DA:109,2
DA:110,2
DA:111,2
DA:117,2
DA:120,1
DA:121,1
DA:124,1
DA:126,1
DA:133,28
DA:134,2
DA:135,0
DA:138,2
DA:139,2
DA:142,2
DA:144,2
DA:147,1
DA:148,1
DA:151,1
DA:153,1
DA:160,28
DA:161,2
DA:162,0
DA:165,2
DA:166,2
DA:169,2
DA:170,2
DA:171,2
DA:173,2
DA:174,2
DA:175,0
DA:178,2
DA:183,2
DA:186,1
DA:189,1
DA:192,1
DA:194,1
DA:201,28
DA:202,0
DA:205,28
DA:217,28
DA:227,27
DA:229,27
DA:230,0
DA:233,27
LF:84
LH:72
BRDA:29,0,0,0
BRDA:29,0,1,10
BRDA:55,1,0,0
BRDA:55,1,1,3
BRDA:63,2,0,0
BRDA:63,2,1,0
BRDA:74,3,0,0
BRDA:74,3,1,2
BRDA:88,4,0,1
BRDA:88,4,1,0
BRDA:101,5,0,0
BRDA:101,5,1,2
BRDA:111,6,0,2
BRDA:111,6,1,0
BRDA:120,7,0,1
BRDA:120,7,1,0
BRDA:134,8,0,0
BRDA:134,8,1,2
BRDA:147,9,0,1
BRDA:147,9,1,0
BRDA:161,10,0,0
BRDA:161,10,1,2
BRDA:171,11,0,0
BRDA:171,11,1,2
BRDA:174,12,0,0
BRDA:174,12,1,2
BRDA:186,13,0,1
BRDA:186,13,1,0
BRDA:229,14,0,0
BRDA:229,14,1,27
BRF:30
BRH:14
end_of_record
TN:
SF:src/services/authService.ts
FN:19,(anonymous_0)
FN:32,(anonymous_1)
FN:36,(anonymous_2)
FN:93,(anonymous_3)
FN:112,(anonymous_4)
FN:131,(anonymous_5)
FN:142,(anonymous_6)
FN:150,(anonymous_7)
FN:153,(anonymous_8)
FNF:9
FNH:8
FNDA:3,(anonymous_0)
FNDA:10,(anonymous_1)
FNDA:10,(anonymous_2)
FNDA:5,(anonymous_3)
FNDA:5,(anonymous_4)
FNDA:3,(anonymous_5)
FNDA:0,(anonymous_6)
FNDA:3,(anonymous_7)
FNDA:2,(anonymous_8)
DA:19,2
DA:20,3
DA:32,2
DA:33,10
DA:36,10
DA:39,10
DA:47,10
DA:48,2
DA:51,8
DA:53,1
DA:54,1
DA:56,1
DA:57,1
DA:59,0
DA:61,0
DA:63,1
DA:64,1
DA:66,0
DA:67,0
DA:69,1
DA:70,1
DA:72,1
DA:73,1
DA:75,1
DA:76,1
DA:78,1
DA:79,1
DA:81,1
DA:82,1
DA:84,0
DA:87,8
DA:93,2
DA:97,5
DA:98,5
DA:103,1
DA:105,4
DA:112,2
DA:116,5
DA:117,5
DA:122,1
DA:124,4
DA:131,2
DA:132,3
DA:133,3
DA:135,2
DA:142,2
DA:143,0
DA:144,0
DA:150,2
DA:153,3
DA:154,2
DA:155,2
LF:52
LH:45
BRDA:40,0,0,10
BRDA:40,0,1,10
BRDA:40,0,2,10
BRDA:40,0,3,8
BRDA:47,1,0,2
BRDA:47,1,1,8
BRDA:48,2,0,2
BRDA:48,2,1,0
BRDA:51,3,0,1
BRDA:51,3,1,1
BRDA:51,3,2,0
BRDA:51,3,3,1
BRDA:51,3,4,0
BRDA:51,3,5,1
BRDA:51,3,6,1
BRDA:51,3,7,1
BRDA:51,3,8,1
BRDA:51,3,9,1
BRDA:51,3,10,0
BRDA:84,4,0,0
BRDA:84,4,1,0
BRDA:144,5,0,0
BRDA:144,5,1,0
BRDA:154,6,0,1
BRDA:154,6,1,1
BRF:25
BRH:17
end_of_record
TN:
SF:src/services/habitService.ts
FN:29,(anonymous_0)
FN:39,(anonymous_1)
FN:71,(anonymous_2)
FN:76,(anonymous_3)
FN:123,(anonymous_4)
FN:181,(anonymous_5)
FN:190,(anonymous_6)
FN:206,(anonymous_7)
FN:220,(anonymous_8)
FN:239,(anonymous_9)
FN:259,(anonymous_10)
FN:283,(anonymous_11)
FN:305,(anonymous_12)
FN:314,(anonymous_13)
FN:315,(anonymous_14)
FN:320,(anonymous_15)
FNF:16
FNH:9
FNDA:4,(anonymous_0)
FNDA:0,(anonymous_1)
FNDA:2,(anonymous_2)
FNDA:2,(anonymous_3)
FNDA:2,(anonymous_4)
FNDA:0,(anonymous_5)
FNDA:0,(anonymous_6)
FNDA:4,(anonymous_7)
FNDA:17,(anonymous_8)
FNDA:1,(anonymous_9)
FNDA:2,(anonymous_10)
FNDA:2,(anonymous_11)
FNDA:0,(anonymous_12)
FNDA:0,(anonymous_13)
FNDA:0,(anonymous_14)
FNDA:0,(anonymous_15)
DA:29,2
DA:30,4
DA:39,2
DA:42,0
DA:47,0
DA:51,0
DA:71,2
DA:76,2
DA:79,2
DA:88,2
DA:91,2
DA:92,0
DA:94,0
DA:95,0
DA:97,0
DA:98,0
DA:100,0
DA:101,0
DA:103,0
DA:104,0
DA:106,0
DA:108,0
DA:110,0
DA:114,2
DA:123,2
DA:127,2
DA:128,2
DA:135,2
DA:146,2
DA:147,1
DA:149,2
DA:150,1
DA:153,2
DA:156,1
DA:168,1
DA:171,1
DA:172,1
DA:181,2
DA:182,0
DA:183,0
DA:185,0
DA:187,0
DA:190,0
DA:191,0
DA:194,0
DA:195,0
DA:206,2
DA:211,4
DA:212,4
DA:214,4
DA:220,4
DA:221,17
DA:222,0
DA:226,4
DA:228,1
DA:229,1
DA:239,2
DA:243,1
DA:244,1
DA:245,1
DA:247,0
DA:248,0
DA:259,2
DA:264,2
DA:265,2
DA:268,2
DA:269,2
DA:270,2
DA:272,2
DA:273,0
DA:276,2
DA:277,2
DA:280,2
DA:282,2
DA:283,2
DA:286,2
DA:291,0
DA:292,0
DA:305,2
DA:309,0
DA:310,0
DA:312,0
DA:315,0
DA:316,0
DA:318,0
DA:321,0
DA:322,0
DA:329,0
LF:88
LH:50
BRDA:42,0,0,0
BRDA:42,0,1,0
BRDA:44,1,0,0
BRDA:44,1,1,0
BRDA:47,2,0,0
BRDA:47,2,1,0
BRDA:49,3,0,0
BRDA:49,3,1,0
BRDA:55,4,0,0
BRDA:55,4,1,0
BRDA:59,5,0,0
BRDA:59,5,1,0
BRDA:80,6,0,2
BRDA:80,6,1,2
BRDA:80,6,2,2
BRDA:80,6,3,0
BRDA:91,7,0,0
BRDA:91,7,1,2
BRDA:92,8,0,0
BRDA:92,8,1,0
BRDA:92,8,2,0
BRDA:92,8,3,0
BRDA:92,8,4,0
BRDA:92,8,5,0
BRDA:110,9,0,0
BRDA:110,9,1,0
BRDA:138,10,0,2
BRDA:138,10,1,1
BRDA:146,11,0,1
BRDA:146,11,1,1
BRDA:149,12,0,1
BRDA:149,12,1,1
BRDA:160,13,0,1
BRDA:160,13,1,0
BRDA:165,14,0,1
BRDA:165,14,1,1
BRDA:166,15,0,1
BRDA:166,15,1,1
BRDA:221,16,0,0
BRDA:221,16,1,17
BRDA:272,17,0,0
BRDA:272,17,1,2
BRDA:277,18,0,2
BRDA:277,18,1,0
BRDA:282,19,0,1
BRDA:282,19,1,1
BRF:46
BRH:20
end_of_record
TN:
SF:src/utils/analytics.ts
FN:8,(anonymous_0)
FN:30,(anonymous_1)
FNF:2
FNH:0
FNDA:0,(anonymous_0)
FNDA:0,(anonymous_1)
DA:8,0
DA:13,0
DA:14,0
DA:18,0
DA:19,0
DA:20,0
DA:23,0
DA:30,0
DA:31,0
LF:9
LH:0
BRDA:13,0,0,0
BRDA:13,0,1,0
BRDA:14,1,0,0
BRDA:14,1,1,0
BRDA:19,2,0,0
BRDA:19,2,1,0
BRF:6
BRH:0
end_of_record
TN:
SF:src/utils/dateHelpers.ts
FN:11,(anonymous_0)
FN:20,(anonymous_1)
FN:30,(anonymous_2)
FNF:3
FNH:3
FNDA:9,(anonymous_0)
FNDA:20,(anonymous_1)
FNDA:15,(anonymous_2)
DA:11,2
DA:12,9
DA:20,2
DA:21,20
DA:30,2
DA:34,15
DA:36,15
DA:37,15
LF:8
LH:8
BRDA:36,0,0,11
BRDA:36,0,1,4
BRF:2
BRH:2
end_of_record
TN:
SF:src/utils/streakCalculator.ts
FN:20,(anonymous_0)
FN:28,(anonymous_1)
FN:57,(anonymous_2)
FN:66,(anonymous_3)
FN:77,(anonymous_4)
FN:86,(anonymous_5)
FN:101,(anonymous_6)
FNF:7
FNH:7
FNDA:6,(anonymous_0)
FNDA:13,(anonymous_1)
FNDA:3,(anonymous_2)
FNDA:2,(anonymous_3)
FNDA:2,(anonymous_4)
FNDA:43,(anonymous_5)
FNDA:5,(anonymous_6)
DA:20,1
DA:25,6
DA:28,13
DA:31,5
DA:34,5
DA:37,5
DA:39,13
DA:40,11
DA:42,11
DA:43,2
DA:45,2
DA:49,5
DA:57,1
DA:58,3
DA:66,1
DA:67,2
DA:77,1
DA:82,2
DA:85,2
DA:86,43
DA:89,2
DA:90,2
DA:92,2
DA:101,1
DA:106,5
DA:109,4
DA:112,4
LF:27
LH:27
BRDA:25,0,0,1
BRDA:25,0,1,5
BRDA:39,1,0,11
BRDA:39,1,1,2
BRDA:43,2,0,2
BRDA:43,2,1,0
BRDA:89,3,0,2
BRDA:89,3,1,0
BRDA:106,4,0,1
BRDA:106,4,1,4
BRDA:109,5,0,2
BRDA:109,5,1,2
BRDA:112,6,0,2
BRDA:112,6,1,2
BRF:14
BRH:12
end_of_record
